<?xml version="1.0" encoding="UTF-8"?>
<testng-results ignored="0" total="2" passed="2" failed="0" skipped="0">
  <reporter-output>
  </reporter-output>
  <suite started-at="2022-10-13T19:52:09 IST" name="Suite" finished-at="2022-10-13T19:52:23 IST" duration-ms="14472">
    <groups>
    </groups>
    <test started-at="2022-10-13T19:52:09 IST" name="Test" finished-at="2022-10-13T19:52:23 IST" duration-ms="14472">
      <class name="com.capstone.AadharRegister">
        <test-method signature="ChromeBrowser()[pri:0, instance:com.capstone.AadharRegister@1cbbffcd]" started-at="2022-10-13T19:52:09 IST" name="ChromeBrowser" finished-at="2022-10-13T19:52:14 IST" duration-ms="5228" status="PASS">
          <reporter-output>
          </reporter-output>
        </test-method> <!-- ChromeBrowser -->
        <test-method signature="TestHome()[pri:0, instance:com.capstone.AadharRegister@1cbbffcd]" started-at="2022-10-13T19:52:14 IST" name="TestHome" finished-at="2022-10-13T19:52:23 IST" duration-ms="9153" status="PASS">
          <reporter-output>
          </reporter-output>
        </test-method> <!-- TestHome -->
      </class> <!-- com.capstone.AadharRegister -->
    </test> <!-- Test -->
  </suite> <!-- Suite -->
</testng-results>
